<?xml version="1.0" encoding="UTF-8"?>
<!-- Generated by org.testng.reporters.JUnitReportReporter -->
<testsuite hostname="DESKTOP-DJ4FDME" failures="0" tests="4" name="org.xyz.automation.HandleKeyboardMouse" time="35.069" errors="0" timestamp="2024-01-15T21:34:10 IST" skipped="2">
  <testcase classname="org.xyz.automation.HandleKeyboardMouse" name="handleAlerts" time="4.233"/>
  <testcase classname="org.xyz.automation.HandleKeyboardMouse" name="handleFrames" time="30.836"/>
  <testcase classname="org.xyz.automation.HandleKeyboardMouse" name="handleKeyboard">
    <skipped/>
  </testcase> <!-- handleKeyboard -->
  <testcase classname="org.xyz.automation.HandleKeyboardMouse" name="handleMouse">
    <skipped/>
  </testcase> <!-- handleMouse -->
</testsuite> <!-- org.xyz.automation.HandleKeyboardMouse -->
