<?xml version="1.0" encoding="UTF-8"?>
<!-- Generated by org.testng.reporters.JUnitReportReporter -->
<testsuite hostname="DESKTOP-DJ4FDME" failures="0" tests="3" name="org.wipro.uo.automation.testcases.LoginTestScenario_DDF" time="11.977" errors="0" timestamp="2024-01-17T21:17:48 IST" skipped="0">
  <testcase classname="org.wipro.uo.automation.testcases.LoginTestScenario_DDF" name="validateLoginFunc" time="5.275"/>
  <testcase classname="org.wipro.uo.automation.testcases.LoginTestScenario_DDF" name="validateLoginFunc" time="3.190"/>
  <testcase classname="org.wipro.uo.automation.testcases.LoginTestScenario_DDF" name="validateLoginFunc" time="3.512"/>
</testsuite> <!-- org.wipro.uo.automation.testcases.LoginTestScenario_DDF -->
