<?xml version="1.0" encoding="UTF-8"?>
<!-- Generated by org.testng.reporters.JUnitReportReporter -->
<testsuite hostname="DESKTOP-DJ4FDME" failures="0" tests="1" name="org.xyz.automation.BrowserControl" time="29.709" errors="0" timestamp="2024-01-08T21:20:50 IST" skipped="0">
  <testcase classname="org.xyz.automation.BrowserControl" name="launchBrowser" time="29.709"/>
</testsuite> <!-- org.xyz.automation.BrowserControl -->
