<?xml version="1.0" encoding="UTF-8"?>
<!-- Generated by org.testng.reporters.JUnitReportReporter -->
<testsuite hostname="DESKTOP-DJ4FDME" failures="0" tests="1" name="org.xyz.automation.DifferentControl" time="13.214" errors="0" timestamp="2024-01-10T21:43:20 IST" skipped="0">
  <testcase classname="org.xyz.automation.DifferentControl" name="launchBrowser" time="13.214"/>
</testsuite> <!-- org.xyz.automation.DifferentControl -->
