<?xml version="1.0" encoding="UTF-8"?>
<!-- Generated by org.testng.reporters.JUnitReportReporter -->
<testsuite hostname="DESKTOP-DJ4FDME" failures="0" tests="1" name="testNGDemo.FirstScenario6" time="0.004" errors="0" timestamp="2023-12-18T21:28:05 IST" skipped="0">
  <testcase classname="testNGDemo.FirstScenario6" name="first_testcase" time="0.004"/>
</testsuite> <!-- testNGDemo.FirstScenario6 -->
