<?xml version="1.0" encoding="UTF-8"?>
<!-- Generated by org.testng.reporters.JUnitReportReporter -->
<testsuite hostname="DESKTOP-DJ4FDME" failures="0" tests="7" name="testNGDemo.FirstScenario2" time="0.024" errors="0" timestamp="2023-12-18T21:28:05 IST" skipped="0">
  <testcase classname="testNGDemo.FirstScenario2" name="seven_testcase" time="0.006"/>
  <testcase classname="testNGDemo.FirstScenario2" name="sixth_testcase" time="0.005"/>
  <testcase classname="testNGDemo.FirstScenario2" name="fifth_testcase" time="0.002"/>
  <testcase classname="testNGDemo.FirstScenario2" name="forth_testcase" time="0.002"/>
  <testcase classname="testNGDemo.FirstScenario2" name="third_testcase" time="0.003"/>
  <testcase classname="testNGDemo.FirstScenario2" name="first_testcase" time="0.004"/>
  <testcase classname="testNGDemo.FirstScenario2" name="second_testcase" time="0.002"/>
</testsuite> <!-- testNGDemo.FirstScenario2 -->
