<?xml version="1.0" encoding="UTF-8"?>
<!-- Generated by org.testng.reporters.JUnitReportReporter -->
<testsuite hostname="DESKTOP-DJ4FDME" failures="0" tests="1" name="org.wipro.uo.automation.testcases.SignupTestScenario" time="5.257" errors="0" timestamp="2024-01-16T21:59:57 IST" skipped="0">
  <testcase classname="org.wipro.uo.automation.testcases.SignupTestScenario" name="validateSignupFunc" time="5.257"/>
</testsuite> <!-- org.wipro.uo.automation.testcases.SignupTestScenario -->
