<?xml version="1.0" encoding="UTF-8"?>
<!-- Generated by org.testng.reporters.JUnitReportReporter -->
<testsuite hostname="DESKTOP-DJ4FDME" failures="0" tests="1" name="testNGDemo.FirstScenario7" time="0.001" errors="0" timestamp="2023-12-18T21:56:53 IST" skipped="0">
  <testcase classname="testNGDemo.FirstScenario7" name="first_testcase" time="0.001"/>
</testsuite> <!-- testNGDemo.FirstScenario7 -->
