<?xml version="1.0" encoding="UTF-8"?>
<!-- Generated by org.testng.reporters.JUnitReportReporter -->
<testsuite hostname="DESKTOP-DJ4FDME" failures="0" tests="1" name="testNGDemo.FirstScenario9" time="0.007" errors="0" timestamp="2023-12-18T21:28:05 IST" skipped="0">
  <testcase classname="testNGDemo.FirstScenario9" name="first_testcase" time="0.007"/>
</testsuite> <!-- testNGDemo.FirstScenario9 -->
