<?xml version="1.0" encoding="UTF-8"?>
<!-- Generated by org.testng.reporters.JUnitReportReporter -->
<testsuite hostname="DESKTOP-DJ4FDME" failures="0" tests="1" name="org.wipro.uo.automation.testcases.SignInTestScenario" time="22.307" errors="0" timestamp="2024-01-17T21:53:04 IST" skipped="0">
  <testcase classname="org.wipro.uo.automation.testcases.SignInTestScenario" name="validatesigninFunc" time="22.307"/>
</testsuite> <!-- org.wipro.uo.automation.testcases.SignInTestScenario -->
