<?xml version="1.0" encoding="UTF-8"?>
<!-- Generated by org.testng.reporters.JUnitReportReporter -->
<testsuite hostname="DESKTOP-DJ4FDME" failures="0" tests="2" name="testNGDemo.FirstScenario12" time="0.015" errors="0" timestamp="2023-12-18T21:57:14 IST" skipped="0">
  <testcase classname="testNGDemo.FirstScenario12" name="third_testcase" time="0.001"/>
  <testcase classname="testNGDemo.FirstScenario12" name="forth_testcase" time="0.014"/>
</testsuite> <!-- testNGDemo.FirstScenario12 -->
