<?xml version="1.0" encoding="UTF-8"?>
<!-- Generated by org.testng.reporters.JUnitReportReporter -->
<testsuite hostname="DESKTOP-DJ4FDME" failures="0" tests="2" name="org.xyz.automation.FirstAutomation" time="8.304" errors="0" timestamp="2024-01-10T21:29:59 IST" skipped="0">
  <testcase classname="org.xyz.automation.FirstAutomation" name="loginfunc" time="4.612"/>
  <testcase classname="org.xyz.automation.FirstAutomation" name="signupfunc" time="3.692"/>
</testsuite> <!-- org.xyz.automation.FirstAutomation -->
